<?xml version="1.0" encoding="UTF-8"?>
<!-- Generated by org.testng.reporters.JUnitXMLReporter -->
<testsuite ignored="0" hostname="IBM-7V5V4D4" failures="0" tests="3" name="LoginPageTest" time="59.942" errors="0" timestamp="2026-01-01T10:27:13 IST">
  <testcase classname="test.LoginPageTest" name="negativePasswordTest" time="0.562"/>
  <testcase classname="test.LoginPageTest" name="negativeUsernameTest" time="0.518"/>
  <testcase classname="test.LoginPageTest" name="verifyLoginWithValidCredentials" time="1.325"/>
</testsuite> <!-- LoginPageTest -->
