<?xml version="1.0" encoding="UTF-8"?>
<!-- Generated by org.testng.reporters.JUnitXMLReporter -->
<testsuite ignored="0" hostname="IBM-7V5V4D4" failures="0" tests="3" name="LoginPageTest" time="28.217" errors="0" timestamp="2025-12-31T14:20:11 IST">
  <testcase classname="test.LoginPageTest" name="negativePasswordTest" time="0.763"/>
  <testcase classname="test.LoginPageTest" name="negativeUsernameTest" time="0.831"/>
  <testcase classname="test.LoginPageTest" name="verifyLoginWithValidCredentials" time="1.502"/>
</testsuite> <!-- LoginPageTest -->
