<?xml version="1.0" encoding="UTF-8"?>
<!-- Generated by org.testng.reporters.JUnitXMLReporter -->
<testsuite ignored="0" hostname="IBM-7V5V4D4" failures="0" tests="3" name="PracticePageTest" time="40.455" errors="0" timestamp="2025-12-31T14:19:43 IST">
  <testcase classname="test.PracticePageTest" name="verifyTestExceptionsLink" time="4.899"/>
  <testcase classname="test.PracticePageTest" name="verifyTestLoginLink" time="4.658"/>
  <testcase classname="test.PracticePageTest" name="verifyTestTableLink" time="4.94"/>
</testsuite> <!-- PracticePageTest -->
