<?xml version="1.0" encoding="UTF-8"?>
<!-- Generated by org.testng.reporters.JUnitXMLReporter -->
<testsuite ignored="0" hostname="IBM-7V5V4D4" failures="0" tests="3" name="PracticePageTest" time="39.524" errors="0" timestamp="2025-12-31T15:54:35 IST">
  <testcase classname="test.PracticePageTest" name="verifyTestExceptionsLink" time="4.816"/>
  <testcase classname="test.PracticePageTest" name="verifyTestLoginLink" time="4.534"/>
  <testcase classname="test.PracticePageTest" name="verifyTestTableLink" time="4.862"/>
</testsuite> <!-- PracticePageTest -->
