<?xml version="1.0" encoding="UTF-8"?>
<!-- Generated by org.testng.reporters.JUnitXMLReporter -->
<testsuite ignored="0" hostname="IBM-7V5V4D4" failures="1" tests="4" name="TablePageTest" time="50.097" errors="0" timestamp="2025-12-31T15:34:01 IST">
  <testcase classname="test.TablePageTest" name="verifyLanguageFilter" time="4.9"/>
  <testcase classname="test.TablePageTest" name="verifyBeginnerLevelOnly" time="5.132"/>
  <testcase classname="test.TablePageTest" name="verifyMinEnrollments" time="4.808">
    <failure type="java.lang.NumberFormatException" message="For input string: &amp;quot;&amp;quot;">
      <![CDATA[java.lang.NumberFormatException: For input string: ""
at java.base/java.lang.NumberFormatException.forInputString(NumberFormatException.java:67)
at java.base/java.lang.Integer.parseInt(Integer.java:672)
at java.base/java.lang.Integer.parseInt(Integer.java:778)
at pages.TablePage.areAllEnrollmentsAtLeast(TablePage.java:201)
at test.TablePageTest.verifyMinEnrollments(TablePageTest.java:42)
at java.base/java.util.ArrayList.forEach(ArrayList.java:1596)
... Removed 25 stack frames]]>
    </failure>
  </testcase> <!-- verifyMinEnrollments -->
  <testcase classname="test.TablePageTest" name="verifyNoResultsState" time="0.86"/>
</testsuite> <!-- TablePageTest -->
