<?xml version="1.0" encoding="UTF-8"?>
<testng-results ignored="0" total="3" passed="3" failed="0" skipped="0">
  <reporter-output>
  </reporter-output>
  <suite started-at="2026-01-01T10:26:13 IST" name="Suite" finished-at="2026-01-01T10:27:13 IST" duration-ms="59942">
    <groups>
    </groups>
    <test started-at="2026-01-01T10:26:13 IST" name="LoginPageTest" finished-at="2026-01-01T10:27:13 IST" duration-ms="59942">
      <class name="test.LoginPageTest">
        <test-method is-config="true" signature="setup(java.lang.String)[pri:0, instance:test.LoginPageTest@128d2484]" started-at="2026-01-01T10:26:13 IST" name="setup" finished-at="2026-01-01T10:26:26 IST" duration-ms="12857" status="PASS">
          <params>
            <param index="0">
              <value>
                <![CDATA[firefox]]>
              </value>
            </param>
          </params>
          <reporter-output>
          </reporter-output>
        </test-method> <!-- setup -->
        <test-method is-config="true" signature="init()[pri:0, instance:test.LoginPageTest@128d2484]" started-at="2026-01-01T10:26:26 IST" name="init" finished-at="2026-01-01T10:26:29 IST" duration-ms="3265" status="PASS">
          <reporter-output>
          </reporter-output>
        </test-method> <!-- init -->
        <test-method signature="negativePasswordTest()[pri:0, instance:test.LoginPageTest@128d2484]" started-at="2026-01-01T10:26:29 IST" name="negativePasswordTest" finished-at="2026-01-01T10:26:30 IST" duration-ms="562" status="PASS">
          <reporter-output>
          </reporter-output>
        </test-method> <!-- negativePasswordTest -->
        <test-method is-config="true" signature="tearDown()[pri:0, instance:test.LoginPageTest@128d2484]" started-at="2026-01-01T10:26:30 IST" name="tearDown" finished-at="2026-01-01T10:26:36 IST" duration-ms="6551" status="PASS">
          <reporter-output>
          </reporter-output>
        </test-method> <!-- tearDown -->
        <test-method is-config="true" signature="setup(java.lang.String)[pri:0, instance:test.LoginPageTest@128d2484]" started-at="2026-01-01T10:26:36 IST" name="setup" finished-at="2026-01-01T10:26:47 IST" duration-ms="10848" status="PASS">
          <params>
            <param index="0">
              <value>
                <![CDATA[firefox]]>
              </value>
            </param>
          </params>
          <reporter-output>
          </reporter-output>
        </test-method> <!-- setup -->
        <test-method is-config="true" signature="init()[pri:0, instance:test.LoginPageTest@128d2484]" started-at="2026-01-01T10:26:47 IST" name="init" finished-at="2026-01-01T10:26:49 IST" duration-ms="2119" status="PASS">
          <reporter-output>
          </reporter-output>
        </test-method> <!-- init -->
        <test-method signature="negativeUsernameTest()[pri:0, instance:test.LoginPageTest@128d2484]" started-at="2026-01-01T10:26:49 IST" name="negativeUsernameTest" finished-at="2026-01-01T10:26:50 IST" duration-ms="518" status="PASS">
          <reporter-output>
          </reporter-output>
        </test-method> <!-- negativeUsernameTest -->
        <test-method is-config="true" signature="tearDown()[pri:0, instance:test.LoginPageTest@128d2484]" started-at="2026-01-01T10:26:50 IST" name="tearDown" finished-at="2026-01-01T10:26:57 IST" duration-ms="7283" status="PASS">
          <reporter-output>
          </reporter-output>
        </test-method> <!-- tearDown -->
        <test-method is-config="true" signature="setup(java.lang.String)[pri:0, instance:test.LoginPageTest@128d2484]" started-at="2026-01-01T10:26:57 IST" name="setup" finished-at="2026-01-01T10:27:04 IST" duration-ms="7139" status="PASS">
          <params>
            <param index="0">
              <value>
                <![CDATA[firefox]]>
              </value>
            </param>
          </params>
          <reporter-output>
          </reporter-output>
        </test-method> <!-- setup -->
        <test-method is-config="true" signature="init()[pri:0, instance:test.LoginPageTest@128d2484]" started-at="2026-01-01T10:27:04 IST" name="init" finished-at="2026-01-01T10:27:05 IST" duration-ms="709" status="PASS">
          <reporter-output>
          </reporter-output>
        </test-method> <!-- init -->
        <test-method signature="verifyLoginWithValidCredentials()[pri:0, instance:test.LoginPageTest@128d2484]" started-at="2026-01-01T10:27:05 IST" name="verifyLoginWithValidCredentials" finished-at="2026-01-01T10:27:06 IST" duration-ms="1325" status="PASS">
          <reporter-output>
          </reporter-output>
        </test-method> <!-- verifyLoginWithValidCredentials -->
        <test-method is-config="true" signature="tearDown()[pri:0, instance:test.LoginPageTest@128d2484]" started-at="2026-01-01T10:27:06 IST" name="tearDown" finished-at="2026-01-01T10:27:13 IST" duration-ms="6681" status="PASS">
          <reporter-output>
          </reporter-output>
        </test-method> <!-- tearDown -->
      </class> <!-- test.LoginPageTest -->
    </test> <!-- LoginPageTest -->
  </suite> <!-- Suite -->
</testng-results>
