<?xml version="1.0" encoding="UTF-8"?>
<!-- Generated by org.testng.reporters.JUnitReportReporter -->
<testsuite hostname="IBM-7V5V4D4" failures="0" tests="3" name="test.PracticePageTest" time="40.250" errors="0" timestamp="2025-12-31T15:34:02 IST" skipped="0">
  <testcase classname="test.PracticePageTest" name="verifyTestTableLink" time="13.734"/>
  <testcase classname="test.PracticePageTest" name="verifyTestExceptionsLink" time="13.259"/>
  <testcase classname="test.PracticePageTest" name="verifyTestLoginLink" time="13.257"/>
</testsuite> <!-- test.PracticePageTest -->
