<?xml version="1.0" encoding="UTF-8"?>
<!-- Generated by org.testng.reporters.JUnitReportReporter -->
<testsuite hostname="IBM-7V5V4D4" failures="0" tests="3" name="test.LoginPageTest" time="59.857" errors="0" timestamp="2026-01-01T10:27:13 IST" skipped="0">
  <testcase classname="test.LoginPageTest" name="verifyLoginWithValidCredentials" time="17.264"/>
  <testcase classname="test.LoginPageTest" name="negativePasswordTest" time="18.670"/>
  <testcase classname="test.LoginPageTest" name="negativeUsernameTest" time="23.923"/>
</testsuite> <!-- test.LoginPageTest -->
