<?xml version="1.0" encoding="UTF-8"?>
<!-- Generated by org.testng.reporters.JUnitReportReporter -->
<testsuite hostname="IBM-7V5V4D4" failures="0" tests="3" name="test.LoginPageTest" time="53.382" errors="0" timestamp="2025-12-31T15:34:02 IST" skipped="0">
  <testcase classname="test.LoginPageTest" name="negativePasswordTest" time="20.547"/>
  <testcase classname="test.LoginPageTest" name="negativeUsernameTest" time="15.814"/>
  <testcase classname="test.LoginPageTest" name="verifyLoginWithValidCredentials" time="17.021"/>
</testsuite> <!-- test.LoginPageTest -->
